  Fahrzeug.cpp
C:\Strassenverkehr\Aufgabenblock_1\Fahrzeug.cpp(3,29): error C2664: "std::basic_string<char,std::char_traits<char>,std::allocator<char>>::basic_string(std::initializer_list<_Elem>,const _Alloc &)" : Konvertierung von Argument 1 von "int" in "std::initializer_list<_Elem>" nicht möglich
          with
          [
              _Elem=char,
              _Alloc=std::allocator<char>
          ]
          and
          [
              _Elem=char
          ]
C:\Strassenverkehr\Aufgabenblock_1\Fahrzeug.cpp(4,1): message : Quelltyp konnte von keinem Konstruktor angenommen werden, oder die Überladungsauflösung des Konstruktors ist mehrdeutig
C:\Program Files (x86)\Microsoft Visual Studio\2019\Enterprise\VC\Tools\MSVC\14.29.30133\include\xstring(2956,5): message : Siehe Deklaration von "std::basic_string<char,std::char_traits<char>,std::allocator<char>>::basic_string"
C:\Strassenverkehr\Aufgabenblock_1\Fahrzeug.cpp(9,55): error C2664: "std::basic_string<char,std::char_traits<char>,std::allocator<char>>::basic_string(std::initializer_list<_Elem>,const _Alloc &)" : Konvertierung von Argument 1 von "int" in "std::initializer_list<_Elem>" nicht möglich
          with
          [
              _Elem=char,
              _Alloc=std::allocator<char>
          ]
          and
          [
              _Elem=char
          ]
C:\Strassenverkehr\Aufgabenblock_1\Fahrzeug.cpp(10,1): message : Quelltyp konnte von keinem Konstruktor angenommen werden, oder die Überladungsauflösung des Konstruktors ist mehrdeutig
C:\Program Files (x86)\Microsoft Visual Studio\2019\Enterprise\VC\Tools\MSVC\14.29.30133\include\xstring(2956,5): message : Siehe Deklaration von "std::basic_string<char,std::char_traits<char>,std::allocator<char>>::basic_string"
C:\Strassenverkehr\Aufgabenblock_1\Fahrzeug.cpp(14,82): error C2664: "std::basic_string<char,std::char_traits<char>,std::allocator<char>>::basic_string(std::initializer_list<_Elem>,const _Alloc &)" : Konvertierung von Argument 1 von "int" in "std::initializer_list<_Elem>" nicht möglich
          with
          [
              _Elem=char,
              _Alloc=std::allocator<char>
          ]
          and
          [
              _Elem=char
          ]
C:\Strassenverkehr\Aufgabenblock_1\Fahrzeug.cpp(16,1): message : Quelltyp konnte von keinem Konstruktor angenommen werden, oder die Überladungsauflösung des Konstruktors ist mehrdeutig
C:\Program Files (x86)\Microsoft Visual Studio\2019\Enterprise\VC\Tools\MSVC\14.29.30133\include\xstring(2956,5): message : Siehe Deklaration von "std::basic_string<char,std::char_traits<char>,std::allocator<char>>::basic_string"
  main.cpp
C:\Strassenverkehr\Aufgabenblock_1\main.cpp(83,18): error C2660: "Fahrzeug::vAusgeben": Funktion akzeptiert keine 0 Argumente
C:\Strassenverkehr\Aufgabenblock_1\Fahrzeug.h(24,15): message : Siehe Deklaration von "Fahrzeug::vAusgeben"
C:\Strassenverkehr\Aufgabenblock_1\main.cpp(109,33): error C2664: "void std::vector<std::unique_ptr<Fahrzeug,std::default_delete<Fahrzeug>>,std::allocator<std::unique_ptr<Fahrzeug,std::default_delete<Fahrzeug>>>>::push_back(const _Ty &)" : Konvertierung von Argument 1 von "PKW *" in "const _Ty &" nicht möglich
          with
          [
              _Ty=std::unique_ptr<Fahrzeug,std::default_delete<Fahrzeug>>
          ]
C:\Strassenverkehr\Aufgabenblock_1\main.cpp(109,33): message : Ursache: Konvertierung von "PKW *" in "const _Ty" nicht möglich
          with
          [
              _Ty=std::unique_ptr<Fahrzeug,std::default_delete<Fahrzeug>>
          ]
C:\Strassenverkehr\Aufgabenblock_1\main.cpp(109,33): message : Konstruktor für class "std::unique_ptr<Fahrzeug,std::default_delete<Fahrzeug>>" ist als "explicit" deklariert
C:\Program Files (x86)\Microsoft Visual Studio\2019\Enterprise\VC\Tools\MSVC\14.29.30133\include\vector(755,33): message : Siehe Deklaration von "std::vector<std::unique_ptr<Fahrzeug,std::default_delete<Fahrzeug>>,std::allocator<std::unique_ptr<Fahrzeug,std::default_delete<Fahrzeug>>>>::push_back"
C:\Strassenverkehr\Aufgabenblock_1\main.cpp(116,33): error C2664: "void std::vector<std::unique_ptr<Fahrzeug,std::default_delete<Fahrzeug>>,std::allocator<std::unique_ptr<Fahrzeug,std::default_delete<Fahrzeug>>>>::push_back(const _Ty &)" : Konvertierung von Argument 1 von "Fahrrad *" in "const _Ty &" nicht möglich
          with
          [
              _Ty=std::unique_ptr<Fahrzeug,std::default_delete<Fahrzeug>>
          ]
C:\Strassenverkehr\Aufgabenblock_1\main.cpp(116,33): message : Ursache: Konvertierung von "Fahrrad *" in "const _Ty" nicht möglich
          with
          [
              _Ty=std::unique_ptr<Fahrzeug,std::default_delete<Fahrzeug>>
          ]
C:\Strassenverkehr\Aufgabenblock_1\main.cpp(116,33): message : Konstruktor für class "std::unique_ptr<Fahrzeug,std::default_delete<Fahrzeug>>" ist als "explicit" deklariert
C:\Program Files (x86)\Microsoft Visual Studio\2019\Enterprise\VC\Tools\MSVC\14.29.30133\include\vector(755,33): message : Siehe Deklaration von "std::vector<std::unique_ptr<Fahrzeug,std::default_delete<Fahrzeug>>,std::allocator<std::unique_ptr<Fahrzeug,std::default_delete<Fahrzeug>>>>::push_back"
C:\Strassenverkehr\Aufgabenblock_1\main.cpp(138,21): error C2660: "Fahrzeug::vAusgeben": Funktion akzeptiert keine 0 Argumente
C:\Strassenverkehr\Aufgabenblock_1\Fahrzeug.h(24,15): message : Siehe Deklaration von "Fahrzeug::vAusgeben"
C:\Strassenverkehr\Aufgabenblock_1\main.cpp(148,13): error C2440: "delete": "std::unique_ptr<Fahrzeug,std::default_delete<Fahrzeug>>" kann nicht in "void*" konvertiert werden
C:\Strassenverkehr\Aufgabenblock_1\main.cpp(148,9): message : Kein benutzerdefinierter Konvertierungsoperator verfügbar, der diese Konvertierung durchführen kann, oder der Operator kann nicht aufgerufen werden
  PKW.cpp
C:\Strassenverkehr\Aufgabenblock_1\PKW.cpp(50,22): error C2660: "Fahrzeug::vAusgeben": Funktion akzeptiert keine 0 Argumente
C:\Strassenverkehr\Aufgabenblock_1\Fahrzeug.h(24,15): message : Siehe Deklaration von "Fahrzeug::vAusgeben"
  Code wird generiert...
